the test returns 404 not found as the method with the request is not found in the controller
-------------------------------------------------------------------------------
Test set: com.profiles.ProfileControllerTest
-------------------------------------------------------------------------------
Tests run: 1, Failures: 1, Errors: 0, Skipped: 0, Time elapsed: 4.633 s <<< FAILURE! -- in com.profiles.ProfileControllerTest
com.profiles.ProfileControllerTest.whenPostProfile_thenReturns201Created -- Time elapsed: 1.929 s <<< FAILURE!
java.lang.AssertionError: Status expected:<201> but was:<404>
	at org.springframework.test.util.AssertionErrors.fail(AssertionErrors.java:59)
	at org.springframework.test.util.AssertionErrors.assertEquals(AssertionErrors.java:122)
	at org.springframework.test.web.servlet.result.StatusResultMatchers.lambda$matcher$9(StatusResultMatchers.java:637)
	at org.springframework.test.web.servlet.MockMvc$1.andExpect(MockMvc.java:214)
	at com.profiles.ProfileControllerTest.whenPostProfile_thenReturns201Created(ProfileControllerTest.java:37)
	at java.base/java.lang.reflect.Method.invoke(Method.java:569)
	at java.base/java.util.ArrayList.forEach(ArrayList.java:1511)
	at java.base/java.util.ArrayList.forEach(ArrayList.java:1511)

